0 info it worked if it ends with ok
1 verbose cli [ 'node', '/usr/local/bin/npm', 'install', '--global', 'git-open' ]
2 info using npm@1.4.28
3 info using node@v0.10.36
4 verbose cache add [ 'git-open', null ]
5 verbose cache add name=undefined spec="git-open" args=["git-open",null]
6 verbose parsed url { protocol: null,
6 verbose parsed url   slashes: null,
6 verbose parsed url   auth: null,
6 verbose parsed url   host: null,
6 verbose parsed url   port: null,
6 verbose parsed url   hostname: null,
6 verbose parsed url   hash: null,
6 verbose parsed url   search: null,
6 verbose parsed url   query: null,
6 verbose parsed url   pathname: 'git-open',
6 verbose parsed url   path: 'git-open',
6 verbose parsed url   href: 'git-open' }
7 silly lockFile 4f1005b7-git-open git-open
8 verbose lock git-open /Users/hangdothiduc/.npm/4f1005b7-git-open.lock
9 silly lockFile 4f1005b7-git-open git-open
10 silly lockFile 4f1005b7-git-open git-open
11 verbose addNamed [ 'git-open', '' ]
12 verbose addNamed [ null, '*' ]
13 silly lockFile 80970654-git-open git-open@
14 verbose lock git-open@ /Users/hangdothiduc/.npm/80970654-git-open.lock
15 silly addNameRange { name: 'git-open', range: '*', hasData: false }
16 verbose request where is /git-open
17 verbose request registry https://registry.npmjs.org/
18 verbose request id c883dec43dfec663
19 verbose url raw /git-open
20 verbose url resolving [ 'https://registry.npmjs.org/', './git-open' ]
21 verbose url resolved https://registry.npmjs.org/git-open
22 verbose request where is https://registry.npmjs.org/git-open
23 info trying registry request attempt 1 at 14:55:25
24 http GET https://registry.npmjs.org/git-open
25 http 200 https://registry.npmjs.org/git-open
26 silly registry.get cb [ 200,
26 silly registry.get   { server: 'CouchDB/1.5.0 (Erlang OTP/R16B03)',
26 silly registry.get     etag: '"9S8EL6XCFAD3H6K2CIA8AER9F"',
26 silly registry.get     'content-type': 'application/json',
26 silly registry.get     'cache-control': 'max-age=60',
26 silly registry.get     'content-length': '4801',
26 silly registry.get     'accept-ranges': 'bytes',
26 silly registry.get     date: 'Wed, 09 Sep 2015 18:55:25 GMT',
26 silly registry.get     via: '1.1 varnish',
26 silly registry.get     age: '0',
26 silly registry.get     connection: 'keep-alive',
26 silly registry.get     'x-served-by': 'cache-jfk1031-JFK',
26 silly registry.get     'x-cache': 'MISS',
26 silly registry.get     'x-cache-hits': '0',
26 silly registry.get     'x-timer': 'S1441824925.543003,VS0,VE345',
26 silly registry.get     vary: 'Accept' } ]
27 silly addNameRange number 2 { name: 'git-open', range: '*', hasData: true }
28 silly addNameRange versions [ 'git-open', [ '1.0.0', '1.0.1', '1.0.2' ] ]
29 verbose addNamed [ 'git-open', '1.0.2' ]
30 verbose addNamed [ '1.0.2', '1.0.2' ]
31 silly lockFile 7ce4d308-git-open-1-0-2 git-open@1.0.2
32 verbose lock git-open@1.0.2 /Users/hangdothiduc/.npm/7ce4d308-git-open-1-0-2.lock
33 silly lockFile df2ccf50--org-git-open-git-open-1-0-2-tgz https://registry.npmjs.org/git-open/-/git-open-1.0.2.tgz
34 verbose lock https://registry.npmjs.org/git-open/-/git-open-1.0.2.tgz /Users/hangdothiduc/.npm/df2ccf50--org-git-open-git-open-1-0-2-tgz.lock
35 verbose addRemoteTarball [ 'https://registry.npmjs.org/git-open/-/git-open-1.0.2.tgz',
35 verbose addRemoteTarball   '20edb0d3edf3aa91587195560ac4ddd696b7d43a' ]
36 info retry fetch attempt 1 at 14:55:26
37 verbose fetch to= /var/folders/52/69qc8bcn7xs_dx90c4pz855m0000gn/T/npm-9121-_RLsEdg9/registry.npmjs.org/git-open/-/git-open-1.0.2.tgz
38 http GET https://registry.npmjs.org/git-open/-/git-open-1.0.2.tgz
39 http 200 https://registry.npmjs.org/git-open/-/git-open-1.0.2.tgz
40 silly lockFile df2ccf50--org-git-open-git-open-1-0-2-tgz https://registry.npmjs.org/git-open/-/git-open-1.0.2.tgz
41 silly lockFile df2ccf50--org-git-open-git-open-1-0-2-tgz https://registry.npmjs.org/git-open/-/git-open-1.0.2.tgz
42 silly lockFile 7ce4d308-git-open-1-0-2 git-open@1.0.2
43 silly lockFile 7ce4d308-git-open-1-0-2 git-open@1.0.2
44 silly lockFile 80970654-git-open git-open@
45 silly lockFile 80970654-git-open git-open@
46 silly resolved [ { name: 'git-open',
46 silly resolved     version: '1.0.2',
46 silly resolved     description: 'Type `git open` to open the GitHub page or website for a repository.',
46 silly resolved     repository:
46 silly resolved      { type: 'git',
46 silly resolved        url: 'https://github.com/paulirish/git-open.git' },
46 silly resolved     keywords: [ 'git', 'cli' ],
46 silly resolved     bin: { 'git-open': 'git-open' },
46 silly resolved     author: { name: 'Paul Irish' },
46 silly resolved     license: 'MIT',
46 silly resolved     bugs: { url: 'https://github.com/paulirish/git-open/issues' },
46 silly resolved     homepage: 'https://github.com/paulirish/git-open',
46 silly resolved     gitHead: 'fac3ad3a71722ad7a7d53d62229f15ff0f3489e0',
46 silly resolved     _id: 'git-open@1.0.2',
46 silly resolved     scripts: {},
46 silly resolved     _shasum: '20edb0d3edf3aa91587195560ac4ddd696b7d43a',
46 silly resolved     _from: 'git-open@',
46 silly resolved     _npmVersion: '2.7.3',
46 silly resolved     _nodeVersion: '0.12.1',
46 silly resolved     _npmUser: { name: 'paulirish', email: 'paul.irish@gmail.com' },
46 silly resolved     dist:
46 silly resolved      { shasum: '20edb0d3edf3aa91587195560ac4ddd696b7d43a',
46 silly resolved        tarball: 'http://registry.npmjs.org/git-open/-/git-open-1.0.2.tgz' },
46 silly resolved     maintainers: [ [Object] ],
46 silly resolved     directories: {},
46 silly resolved     _resolved: 'https://registry.npmjs.org/git-open/-/git-open-1.0.2.tgz' } ]
47 info install git-open@1.0.2 into /usr/local/lib
48 info installOne git-open@1.0.2
49 verbose lib/node_modules/git-open unbuild
50 verbose tar unpack /Users/hangdothiduc/.npm/git-open/1.0.2/package.tgz
51 silly lockFile c86494cb--local-lib-node-modules-git-open tar:///usr/local/lib/node_modules/git-open
52 verbose lock tar:///usr/local/lib/node_modules/git-open /Users/hangdothiduc/.npm/c86494cb--local-lib-node-modules-git-open.lock
53 silly lockFile 7a678482-c-npm-git-open-1-0-2-package-tgz tar:///Users/hangdothiduc/.npm/git-open/1.0.2/package.tgz
54 verbose lock tar:///Users/hangdothiduc/.npm/git-open/1.0.2/package.tgz /Users/hangdothiduc/.npm/7a678482-c-npm-git-open-1-0-2-package-tgz.lock
55 silly gunzTarPerm modes [ '755', '644' ]
56 error Error: EACCES, mkdir '/usr/local/lib/node_modules/git-open'
56 error  { [Error: EACCES, mkdir '/usr/local/lib/node_modules/git-open']
56 error   errno: 3,
56 error   code: 'EACCES',
56 error   path: '/usr/local/lib/node_modules/git-open',
56 error   fstream_type: 'Directory',
56 error   fstream_path: '/usr/local/lib/node_modules/git-open',
56 error   fstream_class: 'DirWriter',
56 error   fstream_stack:
56 error    [ '/usr/local/lib/node_modules/npm/node_modules/fstream/lib/dir-writer.js:36:23',
56 error      '/usr/local/lib/node_modules/npm/node_modules/mkdirp/index.js:46:53',
56 error      'Object.oncomplete (fs.js:108:15)' ] }
57 error Please try running this command again as root/Administrator.
58 error System Darwin 14.5.0
59 error command "node" "/usr/local/bin/npm" "install" "--global" "git-open"
60 error cwd /Users/hangdothiduc/Google Drive/Fall15/dothh489_ss2015
61 error node -v v0.10.36
62 error npm -v 1.4.28
63 error path /usr/local/lib/node_modules/git-open
64 error fstream_path /usr/local/lib/node_modules/git-open
65 error fstream_type Directory
66 error fstream_class DirWriter
67 error code EACCES
68 error errno 3
69 error stack Error: EACCES, mkdir '/usr/local/lib/node_modules/git-open'
70 error fstream_stack /usr/local/lib/node_modules/npm/node_modules/fstream/lib/dir-writer.js:36:23
70 error fstream_stack /usr/local/lib/node_modules/npm/node_modules/mkdirp/index.js:46:53
70 error fstream_stack Object.oncomplete (fs.js:108:15)
71 verbose exit [ 3, true ]
